0 info it worked if it ends with ok
1 verbose cli [ '/usr/local/bin/node', '/usr/local/bin/npm', 'run', 'build' ]
2 info using npm@3.8.6
3 info using node@v6.1.0
4 verbose run-script [ 'prebuild', 'build', 'postbuild' ]
5 info lifecycle react-redux-starter@1.0.0~prebuild: react-redux-starter@1.0.0
6 verbose lifecycle react-redux-starter@1.0.0~prebuild: unsafe-perm in lifecycle true
7 verbose lifecycle react-redux-starter@1.0.0~prebuild: PATH: /usr/local/lib/node_modules/npm/bin/node-gyp-bin:/Users/benedictsefaziorklui/Documents/PROJECTS/WIPRO_REACT-BZ/node_modules/.bin:/usr/local/bin:/usr/local/bin:/usr/local/bin:/Users/benedictsefaziorklui/.npm-packages/bin:/Users/benedictsefaziorklui/.rvm/gems/ruby-2.1.2/bin:/Users/benedictsefaziorklui/.rvm/gems/ruby-2.1.2@global/bin:/Users/benedictsefaziorklui/.rvm/rubies/ruby-2.1.2/bin:/usr/bin:/bin:/usr/sbin:/sbin:/usr/local/bin:/usr/local/git/bin:/Users/benedictsefaziorklui/.rvm/bin:/Users/benedictsefaziorklui/.rvm/bin
8 verbose lifecycle react-redux-starter@1.0.0~prebuild: CWD: /Users/benedictsefaziorklui/Documents/PROJECTS/WIPRO_REACT-BZ
9 silly lifecycle react-redux-starter@1.0.0~prebuild: Args: [ '-c', 'npm-run-all clean-dist test lint build:html' ]
10 silly lifecycle react-redux-starter@1.0.0~prebuild: Returned: code: 1  signal: null
11 info lifecycle react-redux-starter@1.0.0~prebuild: Failed to exec prebuild script
12 verbose stack Error: react-redux-starter@1.0.0 prebuild: `npm-run-all clean-dist test lint build:html`
12 verbose stack Exit status 1
12 verbose stack     at EventEmitter.<anonymous> (/usr/local/lib/node_modules/npm/lib/utils/lifecycle.js:239:16)
12 verbose stack     at emitTwo (events.js:106:13)
12 verbose stack     at EventEmitter.emit (events.js:191:7)
12 verbose stack     at ChildProcess.<anonymous> (/usr/local/lib/node_modules/npm/lib/utils/spawn.js:24:14)
12 verbose stack     at emitTwo (events.js:106:13)
12 verbose stack     at ChildProcess.emit (events.js:191:7)
12 verbose stack     at maybeClose (internal/child_process.js:850:16)
12 verbose stack     at Process.ChildProcess._handle.onexit (internal/child_process.js:215:5)
13 verbose pkgid react-redux-starter@1.0.0
14 verbose cwd /Users/benedictsefaziorklui/Documents/PROJECTS/WIPRO_REACT-BZ
15 error Darwin 16.3.0
16 error argv "/usr/local/bin/node" "/usr/local/bin/npm" "run" "build"
17 error node v6.1.0
18 error npm  v3.8.6
19 error code ELIFECYCLE
20 error react-redux-starter@1.0.0 prebuild: `npm-run-all clean-dist test lint build:html`
20 error Exit status 1
21 error Failed at the react-redux-starter@1.0.0 prebuild script 'npm-run-all clean-dist test lint build:html'.
21 error Make sure you have the latest version of node.js and npm installed.
21 error If you do, this is most likely a problem with the react-redux-starter package,
21 error not with npm itself.
21 error Tell the author that this fails on your system:
21 error     npm-run-all clean-dist test lint build:html
21 error You can get information on how to open an issue for this project with:
21 error     npm bugs react-redux-starter
21 error Or if that isn't available, you can get their info via:
21 error     npm owner ls react-redux-starter
21 error There is likely additional logging output above.
22 verbose exit [ 1, true ]
